<?xml version="1.0" encoding="UTF-8"?>
<testsuite xmlns:xsi="http://www.w3.org/2001/XMLSchema-instance" xsi:noNamespaceSchemaLocation="https://maven.apache.org/surefire/maven-surefire-plugin/xsd/surefire-test-report.xsd" name="com.CS353.cs353project.Cs353projectApplicationTests" time="15.335" tests="1" errors="0" skipped="0" failures="0">
  <properties>
    <property name="sun.desktop" value="windows"/>
    <property name="awt.toolkit" value="sun.awt.windows.WToolkit"/>
    <property name="file.encoding.pkg" value="sun.io"/>
    <property name="java.specification.version" value="1.8"/>
    <property name="sun.cpu.isalist" value="amd64"/>
    <property name="sun.jnu.encoding" value="GBK"/>
    <property name="java.class.path" value="D:\CSSE\202101\CS353团队项目\Project-backend\target\test-classes;D:\CSSE\202101\CS353团队项目\Project-backend\target\classes;D:\Engineering1\maven-Repository\org\springframework\boot\spring-boot-starter-web\2.5.4\spring-boot-starter-web-2.5.4.jar;D:\Engineering1\maven-Repository\org\springframework\boot\spring-boot-starter\2.5.4\spring-boot-starter-2.5.4.jar;D:\Engineering1\maven-Repository\org\springframework\boot\spring-boot\2.5.4\spring-boot-2.5.4.jar;D:\Engineering1\maven-Repository\org\springframework\boot\spring-boot-starter-logging\2.5.4\spring-boot-starter-logging-2.5.4.jar;D:\Engineering1\maven-Repository\ch\qos\logback\logback-classic\1.2.5\logback-classic-1.2.5.jar;D:\Engineering1\maven-Repository\ch\qos\logback\logback-core\1.2.5\logback-core-1.2.5.jar;D:\Engineering1\maven-Repository\org\apache\logging\log4j\log4j-to-slf4j\2.14.1\log4j-to-slf4j-2.14.1.jar;D:\Engineering1\maven-Repository\org\apache\logging\log4j\log4j-api\2.14.1\log4j-api-2.14.1.jar;D:\Engineering1\maven-Repository\org\slf4j\jul-to-slf4j\1.7.32\jul-to-slf4j-1.7.32.jar;D:\Engineering1\maven-Repository\jakarta\annotation\jakarta.annotation-api\1.3.5\jakarta.annotation-api-1.3.5.jar;D:\Engineering1\maven-Repository\org\yaml\snakeyaml\1.28\snakeyaml-1.28.jar;D:\Engineering1\maven-Repository\org\springframework\boot\spring-boot-starter-json\2.5.4\spring-boot-starter-json-2.5.4.jar;D:\Engineering1\maven-Repository\com\fasterxml\jackson\datatype\jackson-datatype-jdk8\2.12.4\jackson-datatype-jdk8-2.12.4.jar;D:\Engineering1\maven-Repository\com\fasterxml\jackson\datatype\jackson-datatype-jsr310\2.12.4\jackson-datatype-jsr310-2.12.4.jar;D:\Engineering1\maven-Repository\com\fasterxml\jackson\module\jackson-module-parameter-names\2.12.4\jackson-module-parameter-names-2.12.4.jar;D:\Engineering1\maven-Repository\org\springframework\boot\spring-boot-starter-tomcat\2.5.4\spring-boot-starter-tomcat-2.5.4.jar;D:\Engineering1\maven-Repository\org\apache\tomcat\embed\tomcat-embed-core\9.0.52\tomcat-embed-core-9.0.52.jar;D:\Engineering1\maven-Repository\org\apache\tomcat\embed\tomcat-embed-el\9.0.52\tomcat-embed-el-9.0.52.jar;D:\Engineering1\maven-Repository\org\apache\tomcat\embed\tomcat-embed-websocket\9.0.52\tomcat-embed-websocket-9.0.52.jar;D:\Engineering1\maven-Repository\org\springframework\spring-web\5.3.9\spring-web-5.3.9.jar;D:\Engineering1\maven-Repository\org\springframework\spring-beans\5.3.9\spring-beans-5.3.9.jar;D:\Engineering1\maven-Repository\org\springframework\spring-webmvc\5.3.9\spring-webmvc-5.3.9.jar;D:\Engineering1\maven-Repository\org\springframework\spring-aop\5.3.9\spring-aop-5.3.9.jar;D:\Engineering1\maven-Repository\org\springframework\spring-context\5.3.9\spring-context-5.3.9.jar;D:\Engineering1\maven-Repository\org\springframework\spring-expression\5.3.9\spring-expression-5.3.9.jar;D:\Engineering1\maven-Repository\org\mybatis\spring\boot\mybatis-spring-boot-starter\2.2.0\mybatis-spring-boot-starter-2.2.0.jar;D:\Engineering1\maven-Repository\org\springframework\boot\spring-boot-starter-jdbc\2.5.4\spring-boot-starter-jdbc-2.5.4.jar;D:\Engineering1\maven-Repository\com\zaxxer\HikariCP\4.0.3\HikariCP-4.0.3.jar;D:\Engineering1\maven-Repository\org\springframework\spring-jdbc\5.3.9\spring-jdbc-5.3.9.jar;D:\Engineering1\maven-Repository\org\mybatis\spring\boot\mybatis-spring-boot-autoconfigure\2.2.0\mybatis-spring-boot-autoconfigure-2.2.0.jar;D:\Engineering1\maven-Repository\org\mybatis\mybatis\3.5.7\mybatis-3.5.7.jar;D:\Engineering1\maven-Repository\org\mybatis\mybatis-spring\2.0.6\mybatis-spring-2.0.6.jar;D:\Engineering1\maven-Repository\com\baomidou\mybatis-plus-boot-starter\3.3.0\mybatis-plus-boot-starter-3.3.0.jar;D:\Engineering1\maven-Repository\com\baomidou\mybatis-plus\3.3.0\mybatis-plus-3.3.0.jar;D:\Engineering1\maven-Repository\com\baomidou\mybatis-plus-extension\3.3.0\mybatis-plus-extension-3.3.0.jar;D:\Engineering1\maven-Repository\com\baomidou\mybatis-plus-core\3.3.0\mybatis-plus-core-3.3.0.jar;D:\Engineering1\maven-Repository\com\baomidou\mybatis-plus-annotation\3.3.0\mybatis-plus-annotation-3.3.0.jar;D:\Engineering1\maven-Repository\com\github\jsqlparser\jsqlparser\3.1\jsqlparser-3.1.jar;D:\Engineering1\maven-Repository\org\springframework\boot\spring-boot-autoconfigure\2.5.4\spring-boot-autoconfigure-2.5.4.jar;D:\Engineering1\maven-Repository\org\springframework\boot\spring-boot-starter-data-jpa\2.5.4\spring-boot-starter-data-jpa-2.5.4.jar;D:\Engineering1\maven-Repository\org\springframework\boot\spring-boot-starter-aop\2.5.4\spring-boot-starter-aop-2.5.4.jar;D:\Engineering1\maven-Repository\org\aspectj\aspectjweaver\1.9.7\aspectjweaver-1.9.7.jar;D:\Engineering1\maven-Repository\jakarta\transaction\jakarta.transaction-api\1.3.3\jakarta.transaction-api-1.3.3.jar;D:\Engineering1\maven-Repository\jakarta\persistence\jakarta.persistence-api\2.2.3\jakarta.persistence-api-2.2.3.jar;D:\Engineering1\maven-Repository\org\hibernate\hibernate-core\5.4.32.Final\hibernate-core-5.4.32.Final.jar;D:\Engineering1\maven-Repository\org\jboss\logging\jboss-logging\3.4.2.Final\jboss-logging-3.4.2.Final.jar;D:\Engineering1\maven-Repository\org\javassist\javassist\3.27.0-GA\javassist-3.27.0-GA.jar;D:\Engineering1\maven-Repository\net\bytebuddy\byte-buddy\1.10.22\byte-buddy-1.10.22.jar;D:\Engineering1\maven-Repository\antlr\antlr\2.7.7\antlr-2.7.7.jar;D:\Engineering1\maven-Repository\org\jboss\jandex\2.2.3.Final\jandex-2.2.3.Final.jar;D:\Engineering1\maven-Repository\com\fasterxml\classmate\1.5.1\classmate-1.5.1.jar;D:\Engineering1\maven-Repository\org\dom4j\dom4j\2.1.3\dom4j-2.1.3.jar;D:\Engineering1\maven-Repository\org\hibernate\common\hibernate-commons-annotations\5.1.2.Final\hibernate-commons-annotations-5.1.2.Final.jar;D:\Engineering1\maven-Repository\org\glassfish\jaxb\jaxb-runtime\2.3.5\jaxb-runtime-2.3.5.jar;D:\Engineering1\maven-Repository\org\glassfish\jaxb\txw2\2.3.5\txw2-2.3.5.jar;D:\Engineering1\maven-Repository\com\sun\istack\istack-commons-runtime\3.0.12\istack-commons-runtime-3.0.12.jar;D:\Engineering1\maven-Repository\com\sun\activation\jakarta.activation\1.2.2\jakarta.activation-1.2.2.jar;D:\Engineering1\maven-Repository\org\springframework\data\spring-data-jpa\2.5.4\spring-data-jpa-2.5.4.jar;D:\Engineering1\maven-Repository\org\springframework\data\spring-data-commons\2.5.4\spring-data-commons-2.5.4.jar;D:\Engineering1\maven-Repository\org\springframework\spring-orm\5.3.9\spring-orm-5.3.9.jar;D:\Engineering1\maven-Repository\org\springframework\spring-tx\5.3.9\spring-tx-5.3.9.jar;D:\Engineering1\maven-Repository\org\slf4j\slf4j-api\1.7.32\slf4j-api-1.7.32.jar;D:\Engineering1\maven-Repository\org\springframework\spring-aspects\5.3.9\spring-aspects-5.3.9.jar;D:\Engineering1\maven-Repository\mysql\mysql-connector-java\8.0.26\mysql-connector-java-8.0.26.jar;D:\Engineering1\maven-Repository\org\projectlombok\lombok\1.18.20\lombok-1.18.20.jar;D:\Engineering1\maven-Repository\org\springframework\boot\spring-boot-starter-test\2.5.4\spring-boot-starter-test-2.5.4.jar;D:\Engineering1\maven-Repository\org\springframework\boot\spring-boot-test\2.5.4\spring-boot-test-2.5.4.jar;D:\Engineering1\maven-Repository\org\springframework\boot\spring-boot-test-autoconfigure\2.5.4\spring-boot-test-autoconfigure-2.5.4.jar;D:\Engineering1\maven-Repository\com\jayway\jsonpath\json-path\2.5.0\json-path-2.5.0.jar;D:\Engineering1\maven-Repository\net\minidev\json-smart\2.4.7\json-smart-2.4.7.jar;D:\Engineering1\maven-Repository\net\minidev\accessors-smart\2.4.7\accessors-smart-2.4.7.jar;D:\Engineering1\maven-Repository\org\ow2\asm\asm\9.1\asm-9.1.jar;D:\Engineering1\maven-Repository\jakarta\xml\bind\jakarta.xml.bind-api\2.3.3\jakarta.xml.bind-api-2.3.3.jar;D:\Engineering1\maven-Repository\jakarta\activation\jakarta.activation-api\1.2.2\jakarta.activation-api-1.2.2.jar;D:\Engineering1\maven-Repository\org\assertj\assertj-core\3.19.0\assertj-core-3.19.0.jar;D:\Engineering1\maven-Repository\org\hamcrest\hamcrest\2.2\hamcrest-2.2.jar;D:\Engineering1\maven-Repository\org\junit\jupiter\junit-jupiter\5.7.2\junit-jupiter-5.7.2.jar;D:\Engineering1\maven-Repository\org\junit\jupiter\junit-jupiter-api\5.7.2\junit-jupiter-api-5.7.2.jar;D:\Engineering1\maven-Repository\org\apiguardian\apiguardian-api\1.1.0\apiguardian-api-1.1.0.jar;D:\Engineering1\maven-Repository\org\opentest4j\opentest4j\1.2.0\opentest4j-1.2.0.jar;D:\Engineering1\maven-Repository\org\junit\platform\junit-platform-commons\1.7.2\junit-platform-commons-1.7.2.jar;D:\Engineering1\maven-Repository\org\junit\jupiter\junit-jupiter-params\5.7.2\junit-jupiter-params-5.7.2.jar;D:\Engineering1\maven-Repository\org\junit\jupiter\junit-jupiter-engine\5.7.2\junit-jupiter-engine-5.7.2.jar;D:\Engineering1\maven-Repository\org\junit\platform\junit-platform-engine\1.7.2\junit-platform-engine-1.7.2.jar;D:\Engineering1\maven-Repository\org\mockito\mockito-core\3.9.0\mockito-core-3.9.0.jar;D:\Engineering1\maven-Repository\net\bytebuddy\byte-buddy-agent\1.10.22\byte-buddy-agent-1.10.22.jar;D:\Engineering1\maven-Repository\org\objenesis\objenesis\3.2\objenesis-3.2.jar;D:\Engineering1\maven-Repository\org\mockito\mockito-junit-jupiter\3.9.0\mockito-junit-jupiter-3.9.0.jar;D:\Engineering1\maven-Repository\org\skyscreamer\jsonassert\1.5.0\jsonassert-1.5.0.jar;D:\Engineering1\maven-Repository\com\vaadin\external\google\android-json\0.0.20131108.vaadin1\android-json-0.0.20131108.vaadin1.jar;D:\Engineering1\maven-Repository\org\springframework\spring-core\5.3.9\spring-core-5.3.9.jar;D:\Engineering1\maven-Repository\org\springframework\spring-jcl\5.3.9\spring-jcl-5.3.9.jar;D:\Engineering1\maven-Repository\org\springframework\spring-test\5.3.9\spring-test-5.3.9.jar;D:\Engineering1\maven-Repository\org\xmlunit\xmlunit-core\2.8.2\xmlunit-core-2.8.2.jar;D:\Engineering1\maven-Repository\io\jsonwebtoken\jjwt\0.7.0\jjwt-0.7.0.jar;D:\Engineering1\maven-Repository\com\fasterxml\jackson\core\jackson-databind\2.12.4\jackson-databind-2.12.4.jar;D:\Engineering1\maven-Repository\com\fasterxml\jackson\core\jackson-annotations\2.12.4\jackson-annotations-2.12.4.jar;D:\Engineering1\maven-Repository\com\fasterxml\jackson\core\jackson-core\2.12.4\jackson-core-2.12.4.jar;D:\Engineering1\maven-Repository\com\auth0\java-jwt\3.8.3\java-jwt-3.8.3.jar;D:\Engineering1\maven-Repository\commons-codec\commons-codec\1.15\commons-codec-1.15.jar;D:\Engineering1\maven-Repository\org\springframework\boot\spring-boot-configuration-processor\2.5.4\spring-boot-configuration-processor-2.5.4.jar;"/>
    <property name="java.vm.vendor" value="Oracle Corporation"/>
    <property name="sun.arch.data.model" value="64"/>
    <property name="user.variant" value=""/>
    <property name="java.vendor.url" value="http://java.oracle.com/"/>
    <property name="user.timezone" value="Asia/Shanghai"/>
    <property name="java.vm.specification.version" value="1.8"/>
    <property name="os.name" value="Windows 10"/>
    <property name="user.country" value="CN"/>
    <property name="sun.java.launcher" value="SUN_STANDARD"/>
    <property name="sun.boot.library.path" value="D:\Engineering1\jre\bin"/>
    <property name="sun.java.command" value="C:\Users\13037\AppData\Local\Temp\surefire7604981305131687811\surefirebooter6311928307953479797.jar C:\Users\13037\AppData\Local\Temp\surefire7604981305131687811 2021-09-29T15-27-35_885-jvmRun1 surefire5772924860911344801tmp surefire_07711968233815880255tmp"/>
    <property name="surefire.test.class.path" value="D:\CSSE\202101\CS353团队项目\Project-backend\target\test-classes;D:\CSSE\202101\CS353团队项目\Project-backend\target\classes;D:\Engineering1\maven-Repository\org\springframework\boot\spring-boot-starter-web\2.5.4\spring-boot-starter-web-2.5.4.jar;D:\Engineering1\maven-Repository\org\springframework\boot\spring-boot-starter\2.5.4\spring-boot-starter-2.5.4.jar;D:\Engineering1\maven-Repository\org\springframework\boot\spring-boot\2.5.4\spring-boot-2.5.4.jar;D:\Engineering1\maven-Repository\org\springframework\boot\spring-boot-starter-logging\2.5.4\spring-boot-starter-logging-2.5.4.jar;D:\Engineering1\maven-Repository\ch\qos\logback\logback-classic\1.2.5\logback-classic-1.2.5.jar;D:\Engineering1\maven-Repository\ch\qos\logback\logback-core\1.2.5\logback-core-1.2.5.jar;D:\Engineering1\maven-Repository\org\apache\logging\log4j\log4j-to-slf4j\2.14.1\log4j-to-slf4j-2.14.1.jar;D:\Engineering1\maven-Repository\org\apache\logging\log4j\log4j-api\2.14.1\log4j-api-2.14.1.jar;D:\Engineering1\maven-Repository\org\slf4j\jul-to-slf4j\1.7.32\jul-to-slf4j-1.7.32.jar;D:\Engineering1\maven-Repository\jakarta\annotation\jakarta.annotation-api\1.3.5\jakarta.annotation-api-1.3.5.jar;D:\Engineering1\maven-Repository\org\yaml\snakeyaml\1.28\snakeyaml-1.28.jar;D:\Engineering1\maven-Repository\org\springframework\boot\spring-boot-starter-json\2.5.4\spring-boot-starter-json-2.5.4.jar;D:\Engineering1\maven-Repository\com\fasterxml\jackson\datatype\jackson-datatype-jdk8\2.12.4\jackson-datatype-jdk8-2.12.4.jar;D:\Engineering1\maven-Repository\com\fasterxml\jackson\datatype\jackson-datatype-jsr310\2.12.4\jackson-datatype-jsr310-2.12.4.jar;D:\Engineering1\maven-Repository\com\fasterxml\jackson\module\jackson-module-parameter-names\2.12.4\jackson-module-parameter-names-2.12.4.jar;D:\Engineering1\maven-Repository\org\springframework\boot\spring-boot-starter-tomcat\2.5.4\spring-boot-starter-tomcat-2.5.4.jar;D:\Engineering1\maven-Repository\org\apache\tomcat\embed\tomcat-embed-core\9.0.52\tomcat-embed-core-9.0.52.jar;D:\Engineering1\maven-Repository\org\apache\tomcat\embed\tomcat-embed-el\9.0.52\tomcat-embed-el-9.0.52.jar;D:\Engineering1\maven-Repository\org\apache\tomcat\embed\tomcat-embed-websocket\9.0.52\tomcat-embed-websocket-9.0.52.jar;D:\Engineering1\maven-Repository\org\springframework\spring-web\5.3.9\spring-web-5.3.9.jar;D:\Engineering1\maven-Repository\org\springframework\spring-beans\5.3.9\spring-beans-5.3.9.jar;D:\Engineering1\maven-Repository\org\springframework\spring-webmvc\5.3.9\spring-webmvc-5.3.9.jar;D:\Engineering1\maven-Repository\org\springframework\spring-aop\5.3.9\spring-aop-5.3.9.jar;D:\Engineering1\maven-Repository\org\springframework\spring-context\5.3.9\spring-context-5.3.9.jar;D:\Engineering1\maven-Repository\org\springframework\spring-expression\5.3.9\spring-expression-5.3.9.jar;D:\Engineering1\maven-Repository\org\mybatis\spring\boot\mybatis-spring-boot-starter\2.2.0\mybatis-spring-boot-starter-2.2.0.jar;D:\Engineering1\maven-Repository\org\springframework\boot\spring-boot-starter-jdbc\2.5.4\spring-boot-starter-jdbc-2.5.4.jar;D:\Engineering1\maven-Repository\com\zaxxer\HikariCP\4.0.3\HikariCP-4.0.3.jar;D:\Engineering1\maven-Repository\org\springframework\spring-jdbc\5.3.9\spring-jdbc-5.3.9.jar;D:\Engineering1\maven-Repository\org\mybatis\spring\boot\mybatis-spring-boot-autoconfigure\2.2.0\mybatis-spring-boot-autoconfigure-2.2.0.jar;D:\Engineering1\maven-Repository\org\mybatis\mybatis\3.5.7\mybatis-3.5.7.jar;D:\Engineering1\maven-Repository\org\mybatis\mybatis-spring\2.0.6\mybatis-spring-2.0.6.jar;D:\Engineering1\maven-Repository\com\baomidou\mybatis-plus-boot-starter\3.3.0\mybatis-plus-boot-starter-3.3.0.jar;D:\Engineering1\maven-Repository\com\baomidou\mybatis-plus\3.3.0\mybatis-plus-3.3.0.jar;D:\Engineering1\maven-Repository\com\baomidou\mybatis-plus-extension\3.3.0\mybatis-plus-extension-3.3.0.jar;D:\Engineering1\maven-Repository\com\baomidou\mybatis-plus-core\3.3.0\mybatis-plus-core-3.3.0.jar;D:\Engineering1\maven-Repository\com\baomidou\mybatis-plus-annotation\3.3.0\mybatis-plus-annotation-3.3.0.jar;D:\Engineering1\maven-Repository\com\github\jsqlparser\jsqlparser\3.1\jsqlparser-3.1.jar;D:\Engineering1\maven-Repository\org\springframework\boot\spring-boot-autoconfigure\2.5.4\spring-boot-autoconfigure-2.5.4.jar;D:\Engineering1\maven-Repository\org\springframework\boot\spring-boot-starter-data-jpa\2.5.4\spring-boot-starter-data-jpa-2.5.4.jar;D:\Engineering1\maven-Repository\org\springframework\boot\spring-boot-starter-aop\2.5.4\spring-boot-starter-aop-2.5.4.jar;D:\Engineering1\maven-Repository\org\aspectj\aspectjweaver\1.9.7\aspectjweaver-1.9.7.jar;D:\Engineering1\maven-Repository\jakarta\transaction\jakarta.transaction-api\1.3.3\jakarta.transaction-api-1.3.3.jar;D:\Engineering1\maven-Repository\jakarta\persistence\jakarta.persistence-api\2.2.3\jakarta.persistence-api-2.2.3.jar;D:\Engineering1\maven-Repository\org\hibernate\hibernate-core\5.4.32.Final\hibernate-core-5.4.32.Final.jar;D:\Engineering1\maven-Repository\org\jboss\logging\jboss-logging\3.4.2.Final\jboss-logging-3.4.2.Final.jar;D:\Engineering1\maven-Repository\org\javassist\javassist\3.27.0-GA\javassist-3.27.0-GA.jar;D:\Engineering1\maven-Repository\net\bytebuddy\byte-buddy\1.10.22\byte-buddy-1.10.22.jar;D:\Engineering1\maven-Repository\antlr\antlr\2.7.7\antlr-2.7.7.jar;D:\Engineering1\maven-Repository\org\jboss\jandex\2.2.3.Final\jandex-2.2.3.Final.jar;D:\Engineering1\maven-Repository\com\fasterxml\classmate\1.5.1\classmate-1.5.1.jar;D:\Engineering1\maven-Repository\org\dom4j\dom4j\2.1.3\dom4j-2.1.3.jar;D:\Engineering1\maven-Repository\org\hibernate\common\hibernate-commons-annotations\5.1.2.Final\hibernate-commons-annotations-5.1.2.Final.jar;D:\Engineering1\maven-Repository\org\glassfish\jaxb\jaxb-runtime\2.3.5\jaxb-runtime-2.3.5.jar;D:\Engineering1\maven-Repository\org\glassfish\jaxb\txw2\2.3.5\txw2-2.3.5.jar;D:\Engineering1\maven-Repository\com\sun\istack\istack-commons-runtime\3.0.12\istack-commons-runtime-3.0.12.jar;D:\Engineering1\maven-Repository\com\sun\activation\jakarta.activation\1.2.2\jakarta.activation-1.2.2.jar;D:\Engineering1\maven-Repository\org\springframework\data\spring-data-jpa\2.5.4\spring-data-jpa-2.5.4.jar;D:\Engineering1\maven-Repository\org\springframework\data\spring-data-commons\2.5.4\spring-data-commons-2.5.4.jar;D:\Engineering1\maven-Repository\org\springframework\spring-orm\5.3.9\spring-orm-5.3.9.jar;D:\Engineering1\maven-Repository\org\springframework\spring-tx\5.3.9\spring-tx-5.3.9.jar;D:\Engineering1\maven-Repository\org\slf4j\slf4j-api\1.7.32\slf4j-api-1.7.32.jar;D:\Engineering1\maven-Repository\org\springframework\spring-aspects\5.3.9\spring-aspects-5.3.9.jar;D:\Engineering1\maven-Repository\mysql\mysql-connector-java\8.0.26\mysql-connector-java-8.0.26.jar;D:\Engineering1\maven-Repository\org\projectlombok\lombok\1.18.20\lombok-1.18.20.jar;D:\Engineering1\maven-Repository\org\springframework\boot\spring-boot-starter-test\2.5.4\spring-boot-starter-test-2.5.4.jar;D:\Engineering1\maven-Repository\org\springframework\boot\spring-boot-test\2.5.4\spring-boot-test-2.5.4.jar;D:\Engineering1\maven-Repository\org\springframework\boot\spring-boot-test-autoconfigure\2.5.4\spring-boot-test-autoconfigure-2.5.4.jar;D:\Engineering1\maven-Repository\com\jayway\jsonpath\json-path\2.5.0\json-path-2.5.0.jar;D:\Engineering1\maven-Repository\net\minidev\json-smart\2.4.7\json-smart-2.4.7.jar;D:\Engineering1\maven-Repository\net\minidev\accessors-smart\2.4.7\accessors-smart-2.4.7.jar;D:\Engineering1\maven-Repository\org\ow2\asm\asm\9.1\asm-9.1.jar;D:\Engineering1\maven-Repository\jakarta\xml\bind\jakarta.xml.bind-api\2.3.3\jakarta.xml.bind-api-2.3.3.jar;D:\Engineering1\maven-Repository\jakarta\activation\jakarta.activation-api\1.2.2\jakarta.activation-api-1.2.2.jar;D:\Engineering1\maven-Repository\org\assertj\assertj-core\3.19.0\assertj-core-3.19.0.jar;D:\Engineering1\maven-Repository\org\hamcrest\hamcrest\2.2\hamcrest-2.2.jar;D:\Engineering1\maven-Repository\org\junit\jupiter\junit-jupiter\5.7.2\junit-jupiter-5.7.2.jar;D:\Engineering1\maven-Repository\org\junit\jupiter\junit-jupiter-api\5.7.2\junit-jupiter-api-5.7.2.jar;D:\Engineering1\maven-Repository\org\apiguardian\apiguardian-api\1.1.0\apiguardian-api-1.1.0.jar;D:\Engineering1\maven-Repository\org\opentest4j\opentest4j\1.2.0\opentest4j-1.2.0.jar;D:\Engineering1\maven-Repository\org\junit\platform\junit-platform-commons\1.7.2\junit-platform-commons-1.7.2.jar;D:\Engineering1\maven-Repository\org\junit\jupiter\junit-jupiter-params\5.7.2\junit-jupiter-params-5.7.2.jar;D:\Engineering1\maven-Repository\org\junit\jupiter\junit-jupiter-engine\5.7.2\junit-jupiter-engine-5.7.2.jar;D:\Engineering1\maven-Repository\org\junit\platform\junit-platform-engine\1.7.2\junit-platform-engine-1.7.2.jar;D:\Engineering1\maven-Repository\org\mockito\mockito-core\3.9.0\mockito-core-3.9.0.jar;D:\Engineering1\maven-Repository\net\bytebuddy\byte-buddy-agent\1.10.22\byte-buddy-agent-1.10.22.jar;D:\Engineering1\maven-Repository\org\objenesis\objenesis\3.2\objenesis-3.2.jar;D:\Engineering1\maven-Repository\org\mockito\mockito-junit-jupiter\3.9.0\mockito-junit-jupiter-3.9.0.jar;D:\Engineering1\maven-Repository\org\skyscreamer\jsonassert\1.5.0\jsonassert-1.5.0.jar;D:\Engineering1\maven-Repository\com\vaadin\external\google\android-json\0.0.20131108.vaadin1\android-json-0.0.20131108.vaadin1.jar;D:\Engineering1\maven-Repository\org\springframework\spring-core\5.3.9\spring-core-5.3.9.jar;D:\Engineering1\maven-Repository\org\springframework\spring-jcl\5.3.9\spring-jcl-5.3.9.jar;D:\Engineering1\maven-Repository\org\springframework\spring-test\5.3.9\spring-test-5.3.9.jar;D:\Engineering1\maven-Repository\org\xmlunit\xmlunit-core\2.8.2\xmlunit-core-2.8.2.jar;D:\Engineering1\maven-Repository\io\jsonwebtoken\jjwt\0.7.0\jjwt-0.7.0.jar;D:\Engineering1\maven-Repository\com\fasterxml\jackson\core\jackson-databind\2.12.4\jackson-databind-2.12.4.jar;D:\Engineering1\maven-Repository\com\fasterxml\jackson\core\jackson-annotations\2.12.4\jackson-annotations-2.12.4.jar;D:\Engineering1\maven-Repository\com\fasterxml\jackson\core\jackson-core\2.12.4\jackson-core-2.12.4.jar;D:\Engineering1\maven-Repository\com\auth0\java-jwt\3.8.3\java-jwt-3.8.3.jar;D:\Engineering1\maven-Repository\commons-codec\commons-codec\1.15\commons-codec-1.15.jar;D:\Engineering1\maven-Repository\org\springframework\boot\spring-boot-configuration-processor\2.5.4\spring-boot-configuration-processor-2.5.4.jar;"/>
    <property name="sun.cpu.endian" value="little"/>
    <property name="user.home" value="C:\Users\13037"/>
    <property name="user.language" value="zh"/>
    <property name="java.specification.vendor" value="Oracle Corporation"/>
    <property name="java.home" value="D:\Engineering1\jre"/>
    <property name="basedir" value="D:\CSSE\202101\CS353团队项目\Project-backend"/>
    <property name="file.separator" value="\"/>
    <property name="line.separator" value="&#10;"/>
    <property name="java.vm.specification.vendor" value="Oracle Corporation"/>
    <property name="java.specification.name" value="Java Platform API Specification"/>
    <property name="java.awt.graphicsenv" value="sun.awt.Win32GraphicsEnvironment"/>
    <property name="surefire.real.class.path" value="C:\Users\13037\AppData\Local\Temp\surefire7604981305131687811\surefirebooter6311928307953479797.jar"/>
    <property name="sun.boot.class.path" value="D:\Engineering1\jre\lib\resources.jar;D:\Engineering1\jre\lib\rt.jar;D:\Engineering1\jre\lib\sunrsasign.jar;D:\Engineering1\jre\lib\jsse.jar;D:\Engineering1\jre\lib\jce.jar;D:\Engineering1\jre\lib\charsets.jar;D:\Engineering1\jre\lib\jfr.jar;D:\Engineering1\jre\classes"/>
    <property name="user.script" value=""/>
    <property name="sun.management.compiler" value="HotSpot 64-Bit Tiered Compilers"/>
    <property name="java.runtime.version" value="1.8.0_231-b11"/>
    <property name="user.name" value="13037"/>
    <property name="path.separator" value=";"/>
    <property name="os.version" value="10.0"/>
    <property name="java.endorsed.dirs" value="D:\Engineering1\jre\lib\endorsed"/>
    <property name="java.runtime.name" value="Java(TM) SE Runtime Environment"/>
    <property name="file.encoding" value="GBK"/>
    <property name="java.vm.name" value="Java HotSpot(TM) 64-Bit Server VM"/>
    <property name="localRepository" value="D:\Engineering1\maven-Repository"/>
    <property name="java.vendor.url.bug" value="http://bugreport.sun.com/bugreport/"/>
    <property name="java.io.tmpdir" value="C:\Users\13037\AppData\Local\Temp\"/>
    <property name="idea.version" value="2021.1"/>
    <property name="java.version" value="1.8.0_231"/>
    <property name="user.dir" value="D:\CSSE\202101\CS353团队项目\Project-backend"/>
    <property name="os.arch" value="amd64"/>
    <property name="java.vm.specification.name" value="Java Virtual Machine Specification"/>
    <property name="java.awt.printerjob" value="sun.awt.windows.WPrinterJob"/>
    <property name="sun.os.patch.level" value=""/>
    <property name="java.library.path" value="D:\Engineering1\jre\bin;C:\WINDOWS\Sun\Java\bin;C:\WINDOWS\system32;C:\WINDOWS;D:\Engineering1\Gcc\gcc\bin;D:\Engineering1\MinGW\mingw64\bin;C:\ProgramData\Oracle\Java\javapath;C:\Windows\system32;C:\Windows;C:\Windows\System32\Wbem;C:\Windows\System32\WindowsPowerShell\v1.0\;C:\Windows\System32\OpenSSH\;C:\Program Files (x86)\NVIDIA Corporation\PhysX\Common;C:\Program Files\NVIDIA Corporation\NVIDIA NvDLISR;C:\WINDOWS\system32;C:\WINDOWS;C:\WINDOWS\System32\Wbem;C:\WINDOWS\System32\WindowsPowerShell\v1.0\;C:\WINDOWS\System32\OpenSSH\;C:\Program Files\Common Files\Autodesk Shared\;C:\Program Files\Microsoft SQL Server\120\Tools\Binn\;D:\CSSE\Matlab\Matlab2020a\runtime\win64;D:\CSSE\Matlab\Matlab2020a\bin;D:\CSSE\Matlab\Matlab2020a\polyspace\bin;D:\Engineering1\Maven\apache-maven-3.6.3\bin;&quot;D:\Engineering1\java 9.0.4\bin;D:\Engineering1\java 9.0.4\jre\bin;&quot;;D:\Engineering1\Maven\apache-maven-3.6.3\bin;C:\Program Files\MySQL\MySQL Server 8.0\bin;C:\Program Files\dotnet\;D:\Engineering1\nasm;D:\Engineering1\NodeJS\;C:\Program Files\Git\cmd;D:\Engineering1\XSHELL\;C:\Program Files\MySQL\MySQL Shell 8.0\bin\;C:\Users\13037\AppData\Local\Microsoft\WindowsApps;C:\Users\13037\AppData\Local\GitHubDesktop\bin;C:\Users\13037\.dotnet\tools;C:\Users\13037\AppData\Roaming\npm;."/>
    <property name="java.vm.info" value="mixed mode"/>
    <property name="java.vendor" value="Oracle Corporation"/>
    <property name="java.vm.version" value="25.231-b11"/>
    <property name="java.ext.dirs" value="D:\Engineering1\jre\lib\ext;C:\WINDOWS\Sun\Java\lib\ext"/>
    <property name="sun.io.unicode.encoding" value="UnicodeLittle"/>
    <property name="maven.repo.local" value="D:\Engineering1\maven-Repository"/>
    <property name="java.class.version" value="52.0"/>
  </properties>
  <testcase name="contextLoads" classname="com.CS353.cs353project.Cs353projectApplicationTests" time="0.083"/>
</testsuite>